<?xml version="1.0" encoding="UTF-8"?>
<!-- Generated by org.testng.reporters.JUnitReportReporter -->
<testsuite skipped="0" hostname="Divya-PC" name="com.abc.Demo_1.Sample_Demo" tests="1" failures="0" timestamp="31 Oct 2018 15:40:36 GMT" time="9.499" errors="0">
  <testcase name="launch_browser" time="9.499" classname="com.abc.Demo_1.Sample_Demo"/>
</testsuite> <!-- com.abc.Demo_1.Sample_Demo -->
