<?xml version="1.0" encoding="UTF-8"?>
<!-- Generated by org.testng.reporters.JUnitReportReporter -->
<testsuite skipped="0" hostname="Divya-PC" name="com.abc.Demo_1.Sample_Demo" tests="1" failures="0" timestamp="23 Apr 2019 17:43:08 GMT" time="7.696" errors="0">
  <testcase name="launch_browser" time="7.696" classname="com.abc.Demo_1.Sample_Demo"/>
</testsuite> <!-- com.abc.Demo_1.Sample_Demo -->
